<!-- calculate athletes's distance between checkpoint -->
8
empty event time range
7
<pre>Array
(
    [0] => Array
        (
            [route_index] => 0
        )

    [1] => Array
        (
            [route_index] => 38
            [min_time] => 
            [checkpoint] => 1
        )

    [2] => Array
        (
            [route_index] => 110
            [min_time] => 
            [checkpoint] => 2
        )

    [3] => Array
        (
            [route_index] => 197
            [min_time] => 
            [checkpoint] => 3
        )

    [4] => Array
        (
            [route_index] => 337
            [min_time] => 
            [checkpoint] => 4
        )

    [5] => Array
        (
            [route_index] => 401
            [min_time] => 
            [checkpoint] => 5
        )

    [6] => Array
        (
            [route_index] => 430
            [min_time] => 
            [checkpoint] => 6
        )

    [7] => Array
        (
            [route_index] => 468
            [min_time] => 
            [checkpoint] => 7
        )

)
</pre><pre>Array
(
)
</pre><pre>Array
(
)
</pre>9
empty event time range
<!-- calculate athletes's distance between checkpoint -->
8
empty event time range
7
<pre>Array
(
    [0] => Array
        (
            [route_index] => 0
        )

    [1] => Array
        (
            [route_index] => 38
            [min_time] => 
            [checkpoint] => 1
        )

    [2] => Array
        (
            [route_index] => 110
            [min_time] => 
            [checkpoint] => 2
        )

    [3] => Array
        (
            [route_index] => 197
            [min_time] => 
            [checkpoint] => 3
        )

    [4] => Array
        (
            [route_index] => 337
            [min_time] => 
            [checkpoint] => 4
        )

    [5] => Array
        (
            [route_index] => 401
            [min_time] => 
            [checkpoint] => 5
        )

    [6] => Array
        (
            [route_index] => 430
            [min_time] => 
            [checkpoint] => 6
        )

    [7] => Array
        (
            [route_index] => 468
            [min_time] => 
            [checkpoint] => 7
        )

)
</pre><pre>4</pre><pre>5</pre><pre>6</pre><pre>7</pre><pre>Array
(
    [0] => Array
        (
            [event_id] => 7
            [route_index] => 301
            [device_id] => 4109212412
            [reached_at] => 2018-04-29 11:52:12
        )

    [1] => Array
        (
            [event_id] => 7
            [route_index] => 302
            [device_id] => 4109212412
            [reached_at] => 2018-04-29 11:52:12
        )

    [2] => Array
        (
            [event_id] => 7
            [route_index] => 303
            [device_id] => 4109212412
            [reached_at] => 2018-04-29 11:52:12
        )

    [3] => Array
        (
            [event_id] => 7
            [route_index] => 304
            [device_id] => 4109212412
            [reached_at] => 2018-04-29 11:52:42
        )

    [4] => Array
        (
            [event_id] => 7
            [route_index] => 305
            [device_id] => 4109212412
            [reached_at] => 2018-04-29 11:52:42
        )

    [5] => Array
        (
            [event_id] => 7
            [route_index] => 306
            [device_id] => 4109212412
            [reached_at] => 2018-04-29 11:52:42
        )

    [6] => Array
        (
            [event_id] => 7
            [route_index] => 307
            [device_id] => 4109212412
            [reached_at] => 2018-04-29 11:53:17
        )

    [7] => Array
        (
            [event_id] => 7
            [route_index] => 308
            [device_id] => 4109212412
            [reached_at] => 2018-04-29 11:53:17
        )

    [8] => Array
        (
            [event_id] => 7
            [route_index] => 309
            [device_id] => 4109212412
            [reached_at] => 2018-04-29 11:53:47
        )

    [9] => Array
        (
            [event_id] => 7
            [route_index] => 310
            [device_id] => 4109212412
            [reached_at] => 2018-04-29 11:54:17
        )

    [10] => Array
        (
            [event_id] => 7
            [route_index] => 311
            [device_id] => 4109212412
            [reached_at] => 2018-04-29 11:54:47
        )

    [11] => Array
        (
            [event_id] => 7
            [route_index] => 312
            [device_id] => 4109212412
            [reached_at] => 2018-04-29 11:54:47
        )

    [12] => Array
        (
            [event_id] => 7
            [route_index] => 313
            [device_id] => 4109212412
            [reached_at] => 2018-04-29 11:55:17
        )

    [13] => Array
        (
            [event_id] => 7
            [route_index] => 314
            [device_id] => 4109212412
            [reached_at] => 2018-04-29 11:55:17
        )

    [14] => Array
        (
            [event_id] => 7
            [route_index] => 315
            [device_id] => 4109212412
            [reached_at] => 2018-04-29 11:55:17
        )

    [15] => Array
        (
            [event_id] => 7
            [route_index] => 316
            [device_id] => 4109212412
            [reached_at] => 2018-04-29 11:55:52
        )

    [16] => Array
        (
            [event_id] => 7
            [route_index] => 317
            [device_id] => 4109212412
            [reached_at] => 2018-04-29 11:55:52
        )

    [17] => Array
        (
            [event_id] => 7
            [route_index] => 318
            [device_id] => 4109212412
            [reached_at] => 2018-04-29 11:56:52
        )

    [18] => Array
        (
            [event_id] => 7
            [route_index] => 319
            [device_id] => 4109212412
            [reached_at] => 2018-04-29 11:57:22
        )

    [19] => Array
        (
            [event_id] => 7
            [route_index] => 320
            [device_id] => 4109212412
            [reached_at] => 2018-04-29 11:57:22
        )

    [20] => Array
        (
            [event_id] => 7
            [route_index] => 321
            [device_id] => 4109212412
            [reached_at] => 2018-04-29 11:57:22
        )

    [21] => Array
        (
            [event_id] => 7
            [route_index] => 322
            [device_id] => 4109212412
            [reached_at] => 2018-04-29 11:57:52
        )

    [22] => Array
        (
            [event_id] => 7
            [route_index] => 323
            [device_id] => 4109212412
            [reached_at] => 2018-04-29 11:57:52
        )

    [23] => Array
        (
            [event_id] => 7
            [route_index] => 324
            [device_id] => 4109212412
            [reached_at] => 2018-04-29 11:58:22
        )

    [24] => Array
        (
            [event_id] => 7
            [route_index] => 325
            [device_id] => 4109212412
            [reached_at] => 2018-04-29 11:58:22
        )

    [25] => Array
        (
            [event_id] => 7
            [route_index] => 326
            [device_id] => 4109212412
            [reached_at] => 2018-04-29 11:58:57
        )

    [26] => Array
        (
            [event_id] => 7
            [route_index] => 327
            [device_id] => 4109212412
            [reached_at] => 2018-04-29 11:59:27
        )

    [27] => Array
        (
            [event_id] => 7
            [route_index] => 328
            [device_id] => 4109212412
            [reached_at] => 2018-04-29 11:59:27
        )

    [28] => Array
        (
            [event_id] => 7
            [route_index] => 329
            [device_id] => 4109212412
            [reached_at] => 2018-04-29 11:59:27
        )

    [29] => Array
        (
            [event_id] => 7
            [route_index] => 330
            [device_id] => 4109212412
            [reached_at] => 2018-04-29 11:59:57
        )

    [30] => Array
        (
            [event_id] => 7
            [route_index] => 331
            [device_id] => 4109212412
            [reached_at] => 2018-04-29 11:59:57
        )

    [31] => Array
        (
            [event_id] => 7
            [route_index] => 332
            [device_id] => 4109212412
            [reached_at] => 2018-04-29 11:59:57
        )

    [32] => Array
        (
            [event_id] => 7
            [route_index] => 333
            [device_id] => 4109212412
            [reached_at] => 2018-04-29 12:00:27
        )

    [33] => Array
        (
            [event_id] => 7
            [route_index] => 334
            [device_id] => 4109212412
            [reached_at] => 2018-04-29 12:00:57
        )

    [34] => Array
        (
            [event_id] => 7
            [route_index] => 335
            [device_id] => 4109212412
            [reached_at] => 2018-04-29 12:01:32
        )

    [35] => Array
        (
            [event_id] => 7
            [route_index] => 336
            [device_id] => 4109212412
            [reached_at] => 2018-04-29 12:02:32
        )

    [36] => Array
        (
            [event_id] => 7
            [route_index] => 337
            [device_id] => 4109212412
            [reached_at] => 2018-04-29 12:05:07
        )

    [37] => Array
        (
            [event_id] => 7
            [route_index] => 338
            [device_id] => 4109212412
            [reached_at] => 2018-04-29 12:05:07
        )

    [38] => Array
        (
            [event_id] => 7
            [route_index] => 339
            [device_id] => 4109212412
            [reached_at] => 2018-04-29 12:05:07
        )

    [39] => Array
        (
            [event_id] => 7
            [route_index] => 340
            [device_id] => 4109212412
            [reached_at] => 2018-04-29 12:05:07
        )

    [40] => Array
        (
            [event_id] => 7
            [route_index] => 341
            [device_id] => 4109212412
            [reached_at] => 2018-04-29 12:05:07
        )

    [41] => Array
        (
            [event_id] => 7
            [route_index] => 342
            [device_id] => 4109212412
            [reached_at] => 2018-04-29 12:05:07
        )

    [42] => Array
        (
            [event_id] => 7
            [route_index] => 343
            [device_id] => 4109212412
            [reached_at] => 2018-04-29 12:06:07
        )

    [43] => Array
        (
            [event_id] => 7
            [route_index] => 344
            [device_id] => 4109212412
            [reached_at] => 2018-04-29 12:06:07
        )

    [44] => Array
        (
            [event_id] => 7
            [route_index] => 345
            [device_id] => 4109212412
            [reached_at] => 2018-04-29 12:07:12
        )

    [45] => Array
        (
            [event_id] => 7
            [route_index] => 346
            [device_id] => 4109212412
            [reached_at] => 2018-04-29 12:07:12
        )

    [46] => Array
        (
            [event_id] => 7
            [route_index] => 347
            [device_id] => 4109212412
            [reached_at] => 2018-04-29 12:07:12
        )

    [47] => Array
        (
            [event_id] => 7
            [route_index] => 348
            [device_id] => 4109212412
            [reached_at] => 2018-04-29 12:07:42
        )

    [48] => Array
        (
            [event_id] => 7
            [route_index] => 349
            [device_id] => 4109212412
            [reached_at] => 2018-04-29 12:08:42
        )

    [49] => Array
        (
            [event_id] => 7
            [route_index] => 350
            [device_id] => 4109212412
            [reached_at] => 2018-04-29 12:09:12
        )

    [50] => Array
        (
            [event_id] => 7
            [route_index] => 351
            [device_id] => 4109212412
            [reached_at] => 2018-04-29 12:09:42
        )

    [51] => Array
        (
            [event_id] => 7
            [route_index] => 352
            [device_id] => 4109212412
            [reached_at] => 2018-04-29 12:09:42
        )

    [52] => Array
        (
            [event_id] => 7
            [route_index] => 353
            [device_id] => 4109212412
            [reached_at] => 2018-04-29 12:10:17
        )

    [53] => Array
        (
            [event_id] => 7
            [route_index] => 354
            [device_id] => 4109212412
            [reached_at] => 2018-04-29 12:10:17
        )

    [54] => Array
        (
            [event_id] => 7
            [route_index] => 355
            [device_id] => 4109212412
            [reached_at] => 2018-04-29 12:10:47
        )

    [55] => Array
        (
            [event_id] => 7
            [route_index] => 356
            [device_id] => 4109212412
            [reached_at] => 2018-04-29 12:10:47
        )

    [56] => Array
        (
            [event_id] => 7
            [route_index] => 357
            [device_id] => 4109212412
            [reached_at] => 2018-04-29 12:10:47
        )

    [57] => Array
        (
            [event_id] => 7
            [route_index] => 358
            [device_id] => 4109212412
            [reached_at] => 2018-04-29 12:11:17
        )

    [58] => Array
        (
            [event_id] => 7
            [route_index] => 359
            [device_id] => 4109212412
            [reached_at] => 2018-04-29 12:11:17
        )

    [59] => Array
        (
            [event_id] => 7
            [route_index] => 360
            [device_id] => 4109212412
            [reached_at] => 2018-04-29 12:11:47
        )

    [60] => Array
        (
            [event_id] => 7
            [route_index] => 361
            [device_id] => 4109212412
            [reached_at] => 2018-04-29 12:12:17
        )

    [61] => Array
        (
            [event_id] => 7
            [route_index] => 362
            [device_id] => 4109212412
            [reached_at] => 2018-04-29 12:12:17
        )

    [62] => Array
        (
            [event_id] => 7
            [route_index] => 363
            [device_id] => 4109212412
            [reached_at] => 2018-04-29 12:12:52
        )

    [63] => Array
        (
            [event_id] => 7
            [route_index] => 364
            [device_id] => 4109212412
            [reached_at] => 2018-04-29 12:13:22
        )

    [64] => Array
        (
            [event_id] => 7
            [route_index] => 365
            [device_id] => 4109212412
            [reached_at] => 2018-04-29 12:13:22
        )

    [65] => Array
        (
            [event_id] => 7
            [route_index] => 366
            [device_id] => 4109212412
            [reached_at] => 2018-04-29 12:13:52
        )

    [66] => Array
        (
            [event_id] => 7
            [route_index] => 367
            [device_id] => 4109212412
            [reached_at] => 2018-04-29 12:13:52
        )

    [67] => Array
        (
            [event_id] => 7
            [route_index] => 368
            [device_id] => 4109212412
            [reached_at] => 2018-04-29 12:14:22
        )

    [68] => Array
        (
            [event_id] => 7
            [route_index] => 369
            [device_id] => 4109212412
            [reached_at] => 2018-04-29 12:14:22
        )

    [69] => Array
        (
            [event_id] => 7
            [route_index] => 370
            [device_id] => 4109212412
            [reached_at] => 2018-04-29 12:15:22
        )

    [70] => Array
        (
            [event_id] => 7
            [route_index] => 371
            [device_id] => 4109212412
            [reached_at] => 2018-04-29 12:15:22
        )

    [71] => Array
        (
            [event_id] => 7
            [route_index] => 372
            [device_id] => 4109212412
            [reached_at] => 2018-04-29 12:15:57
        )

    [72] => Array
        (
            [event_id] => 7
            [route_index] => 373
            [device_id] => 4109212412
            [reached_at] => 2018-04-29 12:16:27
        )

    [73] => Array
        (
            [event_id] => 7
            [route_index] => 374
            [device_id] => 4109212412
            [reached_at] => 2018-04-29 12:16:27
        )

    [74] => Array
        (
            [event_id] => 7
            [route_index] => 375
            [device_id] => 4109212412
            [reached_at] => 2018-04-29 12:16:57
        )

    [75] => Array
        (
            [event_id] => 7
            [route_index] => 376
            [device_id] => 4109212412
            [reached_at] => 2018-04-29 12:17:27
        )

    [76] => Array
        (
            [event_id] => 7
            [route_index] => 377
            [device_id] => 4109212412
            [reached_at] => 2018-04-29 12:17:57
        )

    [77] => Array
        (
            [event_id] => 7
            [route_index] => 378
            [device_id] => 4109212412
            [reached_at] => 2018-04-29 12:17:57
        )

    [78] => Array
        (
            [event_id] => 7
            [route_index] => 379
            [device_id] => 4109212412
            [reached_at] => 2018-04-29 12:18:32
        )

    [79] => Array
        (
            [event_id] => 7
            [route_index] => 380
            [device_id] => 4109212412
            [reached_at] => 2018-04-29 12:19:02
        )

    [80] => Array
        (
            [event_id] => 7
            [route_index] => 381
            [device_id] => 4109212412
            [reached_at] => 2018-04-29 12:19:32
        )

    [81] => Array
        (
            [event_id] => 7
            [route_index] => 382
            [device_id] => 4109212412
            [reached_at] => 2018-04-29 12:19:32
        )

    [82] => Array
        (
            [event_id] => 7
            [route_index] => 383
            [device_id] => 4109212412
            [reached_at] => 2018-04-29 12:20:02
        )

    [83] => Array
        (
            [event_id] => 7
            [route_index] => 384
            [device_id] => 4109212412
            [reached_at] => 2018-04-29 12:20:32
        )

    [84] => Array
        (
            [event_id] => 7
            [route_index] => 385
            [device_id] => 4109212412
            [reached_at] => 2018-04-29 12:21:02
        )

    [85] => Array
        (
            [event_id] => 7
            [route_index] => 386
            [device_id] => 4109212412
            [reached_at] => 2018-04-29 12:21:02
        )

    [86] => Array
        (
            [event_id] => 7
            [route_index] => 387
            [device_id] => 4109212412
            [reached_at] => 2018-04-29 12:21:02
        )

    [87] => Array
        (
            [event_id] => 7
            [route_index] => 388
            [device_id] => 4109212412
            [reached_at] => 2018-04-29 12:21:02
        )

    [88] => Array
        (
            [event_id] => 7
            [route_index] => 389
            [device_id] => 4109212412
            [reached_at] => 2018-04-29 12:21:02
        )

    [89] => Array
        (
            [event_id] => 7
            [route_index] => 390
            [device_id] => 4109212412
            [reached_at] => 2018-04-29 12:21:02
        )

    [90] => Array
        (
            [event_id] => 7
            [route_index] => 391
            [device_id] => 4109212412
            [reached_at] => 2018-04-29 12:21:37
        )

    [91] => Array
        (
            [event_id] => 7
            [route_index] => 392
            [device_id] => 4109212412
            [reached_at] => 2018-04-29 12:22:07
        )

    [92] => Array
        (
            [event_id] => 7
            [route_index] => 393
            [device_id] => 4109212412
            [reached_at] => 2018-04-29 12:22:37
        )

    [93] => Array
        (
            [event_id] => 7
            [route_index] => 394
            [device_id] => 4109212412
            [reached_at] => 2018-04-29 12:22:37
        )

    [94] => Array
        (
            [event_id] => 7
            [route_index] => 395
            [device_id] => 4109212412
            [reached_at] => 2018-04-29 12:23:37
        )

    [95] => Array
        (
            [event_id] => 7
            [route_index] => 396
            [device_id] => 4109212412
            [reached_at] => 2018-04-29 12:23:37
        )

    [96] => Array
        (
            [event_id] => 7
            [route_index] => 397
            [device_id] => 4109212412
            [reached_at] => 2018-04-29 12:24:12
        )

    [97] => Array
        (
            [event_id] => 7
            [route_index] => 398
            [device_id] => 4109212412
            [reached_at] => 2018-04-29 12:24:12
        )

    [98] => Array
        (
            [event_id] => 7
            [route_index] => 399
            [device_id] => 4109212412
            [reached_at] => 2018-04-29 12:24:42
        )

    [99] => Array
        (
            [event_id] => 7
            [route_index] => 400
            [device_id] => 4109212412
            [reached_at] => 2018-04-29 12:25:12
        )

    [100] => Array
        (
            [event_id] => 7
            [route_index] => 402
            [device_id] => 4109212412
            [reached_at] => 2018-04-29 12:28:17
        )

    [101] => Array
        (
            [event_id] => 7
            [route_index] => 403
            [device_id] => 4109212412
            [reached_at] => 2018-04-29 12:28:17
        )

    [102] => Array
        (
            [event_id] => 7
            [route_index] => 404
            [device_id] => 4109212412
            [reached_at] => 2018-04-29 12:28:17
        )

    [103] => Array
        (
            [event_id] => 7
            [route_index] => 405
            [device_id] => 4109212412
            [reached_at] => 2018-04-29 12:28:17
        )

    [104] => Array
        (
            [event_id] => 7
            [route_index] => 406
            [device_id] => 4109212412
            [reached_at] => 2018-04-29 12:28:17
        )

    [105] => Array
        (
            [event_id] => 7
            [route_index] => 407
            [device_id] => 4109212412
            [reached_at] => 2018-04-29 12:28:17
        )

    [106] => Array
        (
            [event_id] => 7
            [route_index] => 408
            [device_id] => 4109212412
            [reached_at] => 2018-04-29 12:28:17
        )

    [107] => Array
        (
            [event_id] => 7
            [route_index] => 409
            [device_id] => 4109212412
            [reached_at] => 2018-04-29 12:28:47
        )

    [108] => Array
        (
            [event_id] => 7
            [route_index] => 410
            [device_id] => 4109212412
            [reached_at] => 2018-04-29 12:29:17
        )

    [109] => Array
        (
            [event_id] => 7
            [route_index] => 411
            [device_id] => 4109212412
            [reached_at] => 2018-04-29 12:29:17
        )

    [110] => Array
        (
            [event_id] => 7
            [route_index] => 412
            [device_id] => 4109212412
            [reached_at] => 2018-04-29 12:29:17
        )

    [111] => Array
        (
            [event_id] => 7
            [route_index] => 413
            [device_id] => 4109212412
            [reached_at] => 2018-04-29 12:29:52
        )

    [112] => Array
        (
            [event_id] => 7
            [route_index] => 414
            [device_id] => 4109212412
            [reached_at] => 2018-04-29 12:29:52
        )

    [113] => Array
        (
            [event_id] => 7
            [route_index] => 415
            [device_id] => 4109212412
            [reached_at] => 2018-04-29 12:30:22
        )

    [114] => Array
        (
            [event_id] => 7
            [route_index] => 416
            [device_id] => 4109212412
            [reached_at] => 2018-04-29 12:31:22
        )

    [115] => Array
        (
            [event_id] => 7
            [route_index] => 417
            [device_id] => 4109212412
            [reached_at] => 2018-04-29 12:31:22
        )

    [116] => Array
        (
            [event_id] => 7
            [route_index] => 418
            [device_id] => 4109212412
            [reached_at] => 2018-04-29 12:31:22
        )

    [117] => Array
        (
            [event_id] => 7
            [route_index] => 419
            [device_id] => 4109212412
            [reached_at] => 2018-04-29 12:32:22
        )

    [118] => Array
        (
            [event_id] => 7
            [route_index] => 420
            [device_id] => 4109212412
            [reached_at] => 2018-04-29 12:32:22
        )

    [119] => Array
        (
            [event_id] => 7
            [route_index] => 421
            [device_id] => 4109212412
            [reached_at] => 2018-04-29 12:32:22
        )

    [120] => Array
        (
            [event_id] => 7
            [route_index] => 422
            [device_id] => 4109212412
            [reached_at] => 2018-04-29 12:32:22
        )

    [121] => Array
        (
            [event_id] => 7
            [route_index] => 423
            [device_id] => 4109212412
            [reached_at] => 2018-04-29 12:33:27
        )

    [122] => Array
        (
            [event_id] => 7
            [route_index] => 424
            [device_id] => 4109212412
            [reached_at] => 2018-04-29 12:35:32
        )

    [123] => Array
        (
            [event_id] => 7
            [route_index] => 425
            [device_id] => 4109212412
            [reached_at] => 2018-04-29 12:35:32
        )

    [124] => Array
        (
            [event_id] => 7
            [route_index] => 426
            [device_id] => 4109212412
            [reached_at] => 2018-04-29 12:36:32
        )

    [125] => Array
        (
            [event_id] => 7
            [route_index] => 427
            [device_id] => 4109212412
            [reached_at] => 2018-04-29 12:37:32
        )

    [126] => Array
        (
            [event_id] => 7
            [route_index] => 428
            [device_id] => 4109212412
            [reached_at] => 2018-04-29 12:37:32
        )

    [127] => Array
        (
            [event_id] => 7
            [route_index] => 429
            [device_id] => 4109212412
            [reached_at] => 2018-04-29 12:38:37
        )

    [128] => Array
        (
            [event_id] => 7
            [route_index] => 430
            [device_id] => 4109212412
            [reached_at] => 2018-04-29 12:38:37
        )

    [129] => Array
        (
            [event_id] => 7
            [route_index] => 431
            [device_id] => 4109212412
            [reached_at] => 2018-04-29 12:40:37
        )

    [130] => Array
        (
            [event_id] => 7
            [route_index] => 432
            [device_id] => 4109212412
            [reached_at] => 2018-04-29 12:40:37
        )

    [131] => Array
        (
            [event_id] => 7
            [route_index] => 433
            [device_id] => 4109212412
            [reached_at] => 2018-04-29 12:40:37
        )

    [132] => Array
        (
            [event_id] => 7
            [route_index] => 434
            [device_id] => 4109212412
            [reached_at] => 2018-04-29 12:41:42
        )

    [133] => Array
        (
            [event_id] => 7
            [route_index] => 435
            [device_id] => 4109212412
            [reached_at] => 2018-04-29 12:42:42
        )

    [134] => Array
        (
            [event_id] => 7
            [route_index] => 436
            [device_id] => 4109212412
            [reached_at] => 2018-04-29 12:42:42
        )

    [135] => Array
        (
            [event_id] => 7
            [route_index] => 437
            [device_id] => 4109212412
            [reached_at] => 2018-04-29 12:43:12
        )

    [136] => Array
        (
            [event_id] => 7
            [route_index] => 438
            [device_id] => 4109212412
            [reached_at] => 2018-04-29 12:43:12
        )

    [137] => Array
        (
            [event_id] => 7
            [route_index] => 439
            [device_id] => 4109212412
            [reached_at] => 2018-04-29 12:43:47
        )

    [138] => Array
        (
            [event_id] => 7
            [route_index] => 440
            [device_id] => 4109212412
            [reached_at] => 2018-04-29 12:43:47
        )

    [139] => Array
        (
            [event_id] => 7
            [route_index] => 441
            [device_id] => 4109212412
            [reached_at] => 2018-04-29 12:44:17
        )

    [140] => Array
        (
            [event_id] => 7
            [route_index] => 442
            [device_id] => 4109212412
            [reached_at] => 2018-04-29 12:44:47
        )

    [141] => Array
        (
            [event_id] => 7
            [route_index] => 443
            [device_id] => 4109212412
            [reached_at] => 2018-04-29 12:44:47
        )

    [142] => Array
        (
            [event_id] => 7
            [route_index] => 444
            [device_id] => 4109212412
            [reached_at] => 2018-04-29 12:44:47
        )

    [143] => Array
        (
            [event_id] => 7
            [route_index] => 445
            [device_id] => 4109212412
            [reached_at] => 2018-04-29 12:44:47
        )

    [144] => Array
        (
            [event_id] => 7
            [route_index] => 448
            [device_id] => 4109212412
            [reached_at] => 2018-04-29 12:44:47
        )

    [145] => Array
        (
            [event_id] => 7
            [route_index] => 449
            [device_id] => 4109212412
            [reached_at] => 2018-04-29 12:44:47
        )

    [146] => Array
        (
            [event_id] => 7
            [route_index] => 450
            [device_id] => 4109212412
            [reached_at] => 2018-04-29 12:44:47
        )

    [147] => Array
        (
            [event_id] => 7
            [route_index] => 451
            [device_id] => 4109212412
            [reached_at] => 2018-04-29 12:44:47
        )

    [148] => Array
        (
            [event_id] => 7
            [route_index] => 452
            [device_id] => 4109212412
            [reached_at] => 2018-04-29 12:44:47
        )

    [149] => Array
        (
            [event_id] => 7
            [route_index] => 453
            [device_id] => 4109212412
            [reached_at] => 2018-04-29 12:45:17
        )

    [150] => Array
        (
            [event_id] => 7
            [route_index] => 454
            [device_id] => 4109212412
            [reached_at] => 2018-04-29 12:45:17
        )

    [151] => Array
        (
            [event_id] => 7
            [route_index] => 455
            [device_id] => 4109212412
            [reached_at] => 2018-04-29 12:45:47
        )

    [152] => Array
        (
            [event_id] => 7
            [route_index] => 456
            [device_id] => 4109212412
            [reached_at] => 2018-04-29 12:45:47
        )

    [153] => Array
        (
            [event_id] => 7
            [route_index] => 457
            [device_id] => 4109212412
            [reached_at] => 2018-04-29 12:47:52
        )

    [154] => Array
        (
            [event_id] => 7
            [route_index] => 458
            [device_id] => 4109212412
            [reached_at] => 2018-04-29 12:49:27
        )

    [155] => Array
        (
            [event_id] => 7
            [route_index] => 459
            [device_id] => 4109212412
            [reached_at] => 2018-04-29 12:49:27
        )

    [156] => Array
        (
            [event_id] => 7
            [route_index] => 460
            [device_id] => 4109212412
            [reached_at] => 2018-04-29 12:49:27
        )

    [157] => Array
        (
            [event_id] => 7
            [route_index] => 461
            [device_id] => 4109212412
            [reached_at] => 2018-04-29 12:50:27
        )

    [158] => Array
        (
            [event_id] => 7
            [route_index] => 462
            [device_id] => 4109212412
            [reached_at] => 2018-04-29 12:50:27
        )

    [159] => Array
        (
            [event_id] => 7
            [route_index] => 463
            [device_id] => 4109212412
            [reached_at] => 2018-04-29 12:50:57
        )

    [160] => Array
        (
            [event_id] => 7
            [route_index] => 464
            [device_id] => 4109212412
            [reached_at] => 2018-04-29 12:51:27
        )

    [161] => Array
        (
            [event_id] => 7
            [route_index] => 465
            [device_id] => 4109212412
            [reached_at] => 2018-04-29 12:52:32
        )

    [162] => Array
        (
            [event_id] => 7
            [route_index] => 466
            [device_id] => 4109212412
            [reached_at] => 2018-04-29 12:54:02
        )

    [163] => Array
        (
            [event_id] => 7
            [route_index] => 467
            [device_id] => 4109212412
            [reached_at] => 2018-04-29 12:55:37
        )

    [164] => Array
        (
            [event_id] => 7
            [route_index] => 468
            [device_id] => 4109212412
            [reached_at] => 2018-04-29 12:55:37
        )

)
</pre><pre>4</pre><pre>5</pre><pre>6</pre><pre>7</pre><pre>Array
(
    [0] => Array
        (
            [event_id] => 7
            [route_index] => 301
            [device_id] => 4109212383
            [reached_at] => 2018-04-29 11:52:27
        )

    [1] => Array
        (
            [event_id] => 7
            [route_index] => 302
            [device_id] => 4109212383
            [reached_at] => 2018-04-29 11:52:27
        )

    [2] => Array
        (
            [event_id] => 7
            [route_index] => 303
            [device_id] => 4109212383
            [reached_at] => 2018-04-29 11:52:27
        )

    [3] => Array
        (
            [event_id] => 7
            [route_index] => 304
            [device_id] => 4109212383
            [reached_at] => 2018-04-29 11:52:27
        )

    [4] => Array
        (
            [event_id] => 7
            [route_index] => 305
            [device_id] => 4109212383
            [reached_at] => 2018-04-29 11:52:57
        )

    [5] => Array
        (
            [event_id] => 7
            [route_index] => 306
            [device_id] => 4109212383
            [reached_at] => 2018-04-29 11:52:57
        )

    [6] => Array
        (
            [event_id] => 7
            [route_index] => 307
            [device_id] => 4109212383
            [reached_at] => 2018-04-29 11:53:27
        )

    [7] => Array
        (
            [event_id] => 7
            [route_index] => 308
            [device_id] => 4109212383
            [reached_at] => 2018-04-29 11:53:27
        )

    [8] => Array
        (
            [event_id] => 7
            [route_index] => 309
            [device_id] => 4109212383
            [reached_at] => 2018-04-29 11:53:57
        )

    [9] => Array
        (
            [event_id] => 7
            [route_index] => 310
            [device_id] => 4109212383
            [reached_at] => 2018-04-29 11:54:27
        )

    [10] => Array
        (
            [event_id] => 7
            [route_index] => 311
            [device_id] => 4109212383
            [reached_at] => 2018-04-29 11:54:27
        )

    [11] => Array
        (
            [event_id] => 7
            [route_index] => 312
            [device_id] => 4109212383
            [reached_at] => 2018-04-29 11:54:57
        )

    [12] => Array
        (
            [event_id] => 7
            [route_index] => 313
            [device_id] => 4109212383
            [reached_at] => 2018-04-29 11:54:57
        )

    [13] => Array
        (
            [event_id] => 7
            [route_index] => 314
            [device_id] => 4109212383
            [reached_at] => 2018-04-29 11:55:32
        )

    [14] => Array
        (
            [event_id] => 7
            [route_index] => 315
            [device_id] => 4109212383
            [reached_at] => 2018-04-29 11:55:32
        )

    [15] => Array
        (
            [event_id] => 7
            [route_index] => 316
            [device_id] => 4109212383
            [reached_at] => 2018-04-29 11:55:32
        )

    [16] => Array
        (
            [event_id] => 7
            [route_index] => 317
            [device_id] => 4109212383
            [reached_at] => 2018-04-29 11:55:32
        )

    [17] => Array
        (
            [event_id] => 7
            [route_index] => 318
            [device_id] => 4109212383
            [reached_at] => 2018-04-29 11:57:02
        )

    [18] => Array
        (
            [event_id] => 7
            [route_index] => 319
            [device_id] => 4109212383
            [reached_at] => 2018-04-29 11:57:02
        )

    [19] => Array
        (
            [event_id] => 7
            [route_index] => 320
            [device_id] => 4109212383
            [reached_at] => 2018-04-29 11:57:32
        )

    [20] => Array
        (
            [event_id] => 7
            [route_index] => 321
            [device_id] => 4109212383
            [reached_at] => 2018-04-29 11:57:32
        )

    [21] => Array
        (
            [event_id] => 7
            [route_index] => 322
            [device_id] => 4109212383
            [reached_at] => 2018-04-29 11:57:32
        )

    [22] => Array
        (
            [event_id] => 7
            [route_index] => 323
            [device_id] => 4109212383
            [reached_at] => 2018-04-29 11:58:07
        )

    [23] => Array
        (
            [event_id] => 7
            [route_index] => 324
            [device_id] => 4109212383
            [reached_at] => 2018-04-29 11:58:37
        )

    [24] => Array
        (
            [event_id] => 7
            [route_index] => 325
            [device_id] => 4109212383
            [reached_at] => 2018-04-29 11:58:37
        )

    [25] => Array
        (
            [event_id] => 7
            [route_index] => 326
            [device_id] => 4109212383
            [reached_at] => 2018-04-29 11:58:37
        )

    [26] => Array
        (
            [event_id] => 7
            [route_index] => 327
            [device_id] => 4109212383
            [reached_at] => 2018-04-29 11:59:07
        )

    [27] => Array
        (
            [event_id] => 7
            [route_index] => 328
            [device_id] => 4109212383
            [reached_at] => 2018-04-29 11:59:37
        )

    [28] => Array
        (
            [event_id] => 7
            [route_index] => 329
            [device_id] => 4109212383
            [reached_at] => 2018-04-29 11:59:37
        )

    [29] => Array
        (
            [event_id] => 7
            [route_index] => 330
            [device_id] => 4109212383
            [reached_at] => 2018-04-29 11:59:37
        )

    [30] => Array
        (
            [event_id] => 7
            [route_index] => 331
            [device_id] => 4109212383
            [reached_at] => 2018-04-29 11:59:37
        )

    [31] => Array
        (
            [event_id] => 7
            [route_index] => 332
            [device_id] => 4109212383
            [reached_at] => 2018-04-29 12:00:07
        )

    [32] => Array
        (
            [event_id] => 7
            [route_index] => 333
            [device_id] => 4109212383
            [reached_at] => 2018-04-29 12:00:07
        )

    [33] => Array
        (
            [event_id] => 7
            [route_index] => 334
            [device_id] => 4109212383
            [reached_at] => 2018-04-29 12:01:12
        )

    [34] => Array
        (
            [event_id] => 7
            [route_index] => 335
            [device_id] => 4109212383
            [reached_at] => 2018-04-29 12:01:42
        )

    [35] => Array
        (
            [event_id] => 7
            [route_index] => 336
            [device_id] => 4109212383
            [reached_at] => 2018-04-29 12:02:42
        )

    [36] => Array
        (
            [event_id] => 7
            [route_index] => 337
            [device_id] => 4109212383
            [reached_at] => 2018-04-29 12:03:47
        )

    [37] => Array
        (
            [event_id] => 7
            [route_index] => 342
            [device_id] => 4109212383
            [reached_at] => 2018-04-29 12:03:47
        )

    [38] => Array
        (
            [event_id] => 7
            [route_index] => 343
            [device_id] => 4109212383
            [reached_at] => 2018-04-29 12:04:47
        )

    [39] => Array
        (
            [event_id] => 7
            [route_index] => 344
            [device_id] => 4109212383
            [reached_at] => 2018-04-29 12:06:17
        )

    [40] => Array
        (
            [event_id] => 7
            [route_index] => 345
            [device_id] => 4109212383
            [reached_at] => 2018-04-29 12:06:17
        )

    [41] => Array
        (
            [event_id] => 7
            [route_index] => 346
            [device_id] => 4109212383
            [reached_at] => 2018-04-29 12:06:52
        )

    [42] => Array
        (
            [event_id] => 7
            [route_index] => 347
            [device_id] => 4109212383
            [reached_at] => 2018-04-29 12:07:22
        )

    [43] => Array
        (
            [event_id] => 7
            [route_index] => 348
            [device_id] => 4109212383
            [reached_at] => 2018-04-29 12:07:52
        )

    [44] => Array
        (
            [event_id] => 7
            [route_index] => 349
            [device_id] => 4109212383
            [reached_at] => 2018-04-29 12:08:52
        )

    [45] => Array
        (
            [event_id] => 7
            [route_index] => 350
            [device_id] => 4109212383
            [reached_at] => 2018-04-29 12:08:52
        )

    [46] => Array
        (
            [event_id] => 7
            [route_index] => 351
            [device_id] => 4109212383
            [reached_at] => 2018-04-29 12:09:27
        )

    [47] => Array
        (
            [event_id] => 7
            [route_index] => 352
            [device_id] => 4109212383
            [reached_at] => 2018-04-29 12:09:57
        )

    [48] => Array
        (
            [event_id] => 7
            [route_index] => 353
            [device_id] => 4109212383
            [reached_at] => 2018-04-29 12:09:57
        )

    [49] => Array
        (
            [event_id] => 7
            [route_index] => 354
            [device_id] => 4109212383
            [reached_at] => 2018-04-29 12:10:27
        )

    [50] => Array
        (
            [event_id] => 7
            [route_index] => 355
            [device_id] => 4109212383
            [reached_at] => 2018-04-29 12:10:57
        )

    [51] => Array
        (
            [event_id] => 7
            [route_index] => 356
            [device_id] => 4109212383
            [reached_at] => 2018-04-29 12:10:57
        )

    [52] => Array
        (
            [event_id] => 7
            [route_index] => 357
            [device_id] => 4109212383
            [reached_at] => 2018-04-29 12:10:57
        )

    [53] => Array
        (
            [event_id] => 7
            [route_index] => 358
            [device_id] => 4109212383
            [reached_at] => 2018-04-29 12:11:27
        )

    [54] => Array
        (
            [event_id] => 7
            [route_index] => 359
            [device_id] => 4109212383
            [reached_at] => 2018-04-29 12:11:27
        )

    [55] => Array
        (
            [event_id] => 7
            [route_index] => 360
            [device_id] => 4109212383
            [reached_at] => 2018-04-29 12:11:27
        )

    [56] => Array
        (
            [event_id] => 7
            [route_index] => 361
            [device_id] => 4109212383
            [reached_at] => 2018-04-29 12:12:32
        )

    [57] => Array
        (
            [event_id] => 7
            [route_index] => 362
            [device_id] => 4109212383
            [reached_at] => 2018-04-29 12:12:32
        )

    [58] => Array
        (
            [event_id] => 7
            [route_index] => 363
            [device_id] => 4109212383
            [reached_at] => 2018-04-29 12:13:02
        )

    [59] => Array
        (
            [event_id] => 7
            [route_index] => 364
            [device_id] => 4109212383
            [reached_at] => 2018-04-29 12:13:02
        )

    [60] => Array
        (
            [event_id] => 7
            [route_index] => 365
            [device_id] => 4109212383
            [reached_at] => 2018-04-29 12:13:32
        )

    [61] => Array
        (
            [event_id] => 7
            [route_index] => 366
            [device_id] => 4109212383
            [reached_at] => 2018-04-29 12:13:32
        )

    [62] => Array
        (
            [event_id] => 7
            [route_index] => 367
            [device_id] => 4109212383
            [reached_at] => 2018-04-29 12:15:07
        )

    [63] => Array
        (
            [event_id] => 7
            [route_index] => 368
            [device_id] => 4109212383
            [reached_at] => 2018-04-29 12:15:07
        )

    [64] => Array
        (
            [event_id] => 7
            [route_index] => 369
            [device_id] => 4109212383
            [reached_at] => 2018-04-29 12:15:07
        )

    [65] => Array
        (
            [event_id] => 7
            [route_index] => 370
            [device_id] => 4109212383
            [reached_at] => 2018-04-29 12:15:07
        )

    [66] => Array
        (
            [event_id] => 7
            [route_index] => 371
            [device_id] => 4109212383
            [reached_at] => 2018-04-29 12:15:07
        )

    [67] => Array
        (
            [event_id] => 7
            [route_index] => 372
            [device_id] => 4109212383
            [reached_at] => 2018-04-29 12:15:37
        )

    [68] => Array
        (
            [event_id] => 7
            [route_index] => 373
            [device_id] => 4109212383
            [reached_at] => 2018-04-29 12:16:07
        )

    [69] => Array
        (
            [event_id] => 7
            [route_index] => 374
            [device_id] => 4109212383
            [reached_at] => 2018-04-29 12:16:37
        )

    [70] => Array
        (
            [event_id] => 7
            [route_index] => 375
            [device_id] => 4109212383
            [reached_at] => 2018-04-29 12:17:07
        )

    [71] => Array
        (
            [event_id] => 7
            [route_index] => 376
            [device_id] => 4109212383
            [reached_at] => 2018-04-29 12:17:37
        )

    [72] => Array
        (
            [event_id] => 7
            [route_index] => 377
            [device_id] => 4109212383
            [reached_at] => 2018-04-29 12:17:37
        )

    [73] => Array
        (
            [event_id] => 7
            [route_index] => 378
            [device_id] => 4109212383
            [reached_at] => 2018-04-29 12:18:12
        )

    [74] => Array
        (
            [event_id] => 7
            [route_index] => 379
            [device_id] => 4109212383
            [reached_at] => 2018-04-29 12:18:42
        )

    [75] => Array
        (
            [event_id] => 7
            [route_index] => 380
            [device_id] => 4109212383
            [reached_at] => 2018-04-29 12:19:12
        )

    [76] => Array
        (
            [event_id] => 7
            [route_index] => 381
            [device_id] => 4109212383
            [reached_at] => 2018-04-29 12:19:42
        )

    [77] => Array
        (
            [event_id] => 7
            [route_index] => 382
            [device_id] => 4109212383
            [reached_at] => 2018-04-29 12:19:42
        )

    [78] => Array
        (
            [event_id] => 7
            [route_index] => 383
            [device_id] => 4109212383
            [reached_at] => 2018-04-29 12:20:12
        )

    [79] => Array
        (
            [event_id] => 7
            [route_index] => 384
            [device_id] => 4109212383
            [reached_at] => 2018-04-29 12:20:47
        )

    [80] => Array
        (
            [event_id] => 7
            [route_index] => 385
            [device_id] => 4109212383
            [reached_at] => 2018-04-29 12:20:47
        )

    [81] => Array
        (
            [event_id] => 7
            [route_index] => 386
            [device_id] => 4109212383
            [reached_at] => 2018-04-29 12:20:47
        )

    [82] => Array
        (
            [event_id] => 7
            [route_index] => 387
            [device_id] => 4109212383
            [reached_at] => 2018-04-29 12:21:17
        )

    [83] => Array
        (
            [event_id] => 7
            [route_index] => 388
            [device_id] => 4109212383
            [reached_at] => 2018-04-29 12:21:17
        )

    [84] => Array
        (
            [event_id] => 7
            [route_index] => 389
            [device_id] => 4109212383
            [reached_at] => 2018-04-29 12:21:17
        )

    [85] => Array
        (
            [event_id] => 7
            [route_index] => 390
            [device_id] => 4109212383
            [reached_at] => 2018-04-29 12:21:17
        )

    [86] => Array
        (
            [event_id] => 7
            [route_index] => 391
            [device_id] => 4109212383
            [reached_at] => 2018-04-29 12:22:17
        )

    [87] => Array
        (
            [event_id] => 7
            [route_index] => 392
            [device_id] => 4109212383
            [reached_at] => 2018-04-29 12:22:17
        )

    [88] => Array
        (
            [event_id] => 7
            [route_index] => 393
            [device_id] => 4109212383
            [reached_at] => 2018-04-29 12:22:17
        )

    [89] => Array
        (
            [event_id] => 7
            [route_index] => 394
            [device_id] => 4109212383
            [reached_at] => 2018-04-29 12:22:47
        )

    [90] => Array
        (
            [event_id] => 7
            [route_index] => 395
            [device_id] => 4109212383
            [reached_at] => 2018-04-29 12:23:52
        )

    [91] => Array
        (
            [event_id] => 7
            [route_index] => 396
            [device_id] => 4109212383
            [reached_at] => 2018-04-29 12:23:52
        )

    [92] => Array
        (
            [event_id] => 7
            [route_index] => 397
            [device_id] => 4109212383
            [reached_at] => 2018-04-29 12:24:22
        )

    [93] => Array
        (
            [event_id] => 7
            [route_index] => 398
            [device_id] => 4109212383
            [reached_at] => 2018-04-29 12:24:22
        )

    [94] => Array
        (
            [event_id] => 7
            [route_index] => 399
            [device_id] => 4109212383
            [reached_at] => 2018-04-29 12:24:52
        )

    [95] => Array
        (
            [event_id] => 7
            [route_index] => 400
            [device_id] => 4109212383
            [reached_at] => 2018-04-29 12:25:22
        )

    [96] => Array
        (
            [event_id] => 7
            [route_index] => 401
            [device_id] => 4109212383
            [reached_at] => 2018-04-29 12:25:52
        )

    [97] => Array
        (
            [event_id] => 7
            [route_index] => 402
            [device_id] => 4109212383
            [reached_at] => 2018-04-29 12:26:27
        )

    [98] => Array
        (
            [event_id] => 7
            [route_index] => 403
            [device_id] => 4109212383
            [reached_at] => 2018-04-29 12:26:27
        )

    [99] => Array
        (
            [event_id] => 7
            [route_index] => 404
            [device_id] => 4109212383
            [reached_at] => 2018-04-29 12:26:57
        )

    [100] => Array
        (
            [event_id] => 7
            [route_index] => 405
            [device_id] => 4109212383
            [reached_at] => 2018-04-29 12:27:27
        )

    [101] => Array
        (
            [event_id] => 7
            [route_index] => 406
            [device_id] => 4109212383
            [reached_at] => 2018-04-29 12:27:57
        )

    [102] => Array
        (
            [event_id] => 7
            [route_index] => 407
            [device_id] => 4109212383
            [reached_at] => 2018-04-29 12:27:57
        )

    [103] => Array
        (
            [event_id] => 7
            [route_index] => 408
            [device_id] => 4109212383
            [reached_at] => 2018-04-29 12:28:57
        )

    [104] => Array
        (
            [event_id] => 7
            [route_index] => 409
            [device_id] => 4109212383
            [reached_at] => 2018-04-29 12:28:57
        )

    [105] => Array
        (
            [event_id] => 7
            [route_index] => 410
            [device_id] => 4109212383
            [reached_at] => 2018-04-29 12:30:02
        )

    [106] => Array
        (
            [event_id] => 7
            [route_index] => 411
            [device_id] => 4109212383
            [reached_at] => 2018-04-29 12:30:02
        )

    [107] => Array
        (
            [event_id] => 7
            [route_index] => 412
            [device_id] => 4109212383
            [reached_at] => 2018-04-29 12:30:02
        )

    [108] => Array
        (
            [event_id] => 7
            [route_index] => 413
            [device_id] => 4109212383
            [reached_at] => 2018-04-29 12:30:02
        )

    [109] => Array
        (
            [event_id] => 7
            [route_index] => 414
            [device_id] => 4109212383
            [reached_at] => 2018-04-29 12:30:02
        )

    [110] => Array
        (
            [event_id] => 7
            [route_index] => 415
            [device_id] => 4109212383
            [reached_at] => 2018-04-29 12:31:02
        )

    [111] => Array
        (
            [event_id] => 7
            [route_index] => 416
            [device_id] => 4109212383
            [reached_at] => 2018-04-29 12:31:02
        )

    [112] => Array
        (
            [event_id] => 7
            [route_index] => 417
            [device_id] => 4109212383
            [reached_at] => 2018-04-29 12:32:37
        )

    [113] => Array
        (
            [event_id] => 7
            [route_index] => 418
            [device_id] => 4109212383
            [reached_at] => 2018-04-29 12:32:37
        )

    [114] => Array
        (
            [event_id] => 7
            [route_index] => 419
            [device_id] => 4109212383
            [reached_at] => 2018-04-29 12:32:37
        )

    [115] => Array
        (
            [event_id] => 7
            [route_index] => 420
            [device_id] => 4109212383
            [reached_at] => 2018-04-29 12:32:37
        )

    [116] => Array
        (
            [event_id] => 7
            [route_index] => 421
            [device_id] => 4109212383
            [reached_at] => 2018-04-29 12:32:37
        )

    [117] => Array
        (
            [event_id] => 7
            [route_index] => 422
            [device_id] => 4109212383
            [reached_at] => 2018-04-29 12:32:37
        )

    [118] => Array
        (
            [event_id] => 7
            [route_index] => 423
            [device_id] => 4109212383
            [reached_at] => 2018-04-29 12:33:37
        )

    [119] => Array
        (
            [event_id] => 7
            [route_index] => 425
            [device_id] => 4109212383
            [reached_at] => 2018-04-29 12:37:47
        )

    [120] => Array
        (
            [event_id] => 7
            [route_index] => 426
            [device_id] => 4109212383
            [reached_at] => 2018-04-29 12:37:47
        )

    [121] => Array
        (
            [event_id] => 7
            [route_index] => 427
            [device_id] => 4109212383
            [reached_at] => 2018-04-29 12:37:47
        )

    [122] => Array
        (
            [event_id] => 7
            [route_index] => 428
            [device_id] => 4109212383
            [reached_at] => 2018-04-29 12:37:47
        )

    [123] => Array
        (
            [event_id] => 7
            [route_index] => 429
            [device_id] => 4109212383
            [reached_at] => 2018-04-29 12:37:47
        )

    [124] => Array
        (
            [event_id] => 7
            [route_index] => 430
            [device_id] => 4109212383
            [reached_at] => 2018-04-29 12:38:47
        )

    [125] => Array
        (
            [event_id] => 7
            [route_index] => 431
            [device_id] => 4109212383
            [reached_at] => 2018-04-29 12:40:22
        )

    [126] => Array
        (
            [event_id] => 7
            [route_index] => 432
            [device_id] => 4109212383
            [reached_at] => 2018-04-29 12:40:22
        )

    [127] => Array
        (
            [event_id] => 7
            [route_index] => 433
            [device_id] => 4109212383
            [reached_at] => 2018-04-29 12:40:22
        )

    [128] => Array
        (
            [event_id] => 7
            [route_index] => 434
            [device_id] => 4109212383
            [reached_at] => 2018-04-29 12:41:52
        )

    [129] => Array
        (
            [event_id] => 7
            [route_index] => 435
            [device_id] => 4109212383
            [reached_at] => 2018-04-29 12:42:22
        )

    [130] => Array
        (
            [event_id] => 7
            [route_index] => 436
            [device_id] => 4109212383
            [reached_at] => 2018-04-29 12:42:52
        )

    [131] => Array
        (
            [event_id] => 7
            [route_index] => 437
            [device_id] => 4109212383
            [reached_at] => 2018-04-29 12:42:52
        )

    [132] => Array
        (
            [event_id] => 7
            [route_index] => 438
            [device_id] => 4109212383
            [reached_at] => 2018-04-29 12:43:27
        )

    [133] => Array
        (
            [event_id] => 7
            [route_index] => 439
            [device_id] => 4109212383
            [reached_at] => 2018-04-29 12:43:27
        )

    [134] => Array
        (
            [event_id] => 7
            [route_index] => 440
            [device_id] => 4109212383
            [reached_at] => 2018-04-29 12:44:27
        )

    [135] => Array
        (
            [event_id] => 7
            [route_index] => 441
            [device_id] => 4109212383
            [reached_at] => 2018-04-29 12:44:27
        )

    [136] => Array
        (
            [event_id] => 7
            [route_index] => 442
            [device_id] => 4109212383
            [reached_at] => 2018-04-29 12:44:27
        )

    [137] => Array
        (
            [event_id] => 7
            [route_index] => 443
            [device_id] => 4109212383
            [reached_at] => 2018-04-29 12:44:27
        )

    [138] => Array
        (
            [event_id] => 7
            [route_index] => 444
            [device_id] => 4109212383
            [reached_at] => 2018-04-29 12:44:57
        )

    [139] => Array
        (
            [event_id] => 7
            [route_index] => 445
            [device_id] => 4109212383
            [reached_at] => 2018-04-29 12:44:57
        )

    [140] => Array
        (
            [event_id] => 7
            [route_index] => 446
            [device_id] => 4109212383
            [reached_at] => 2018-04-29 12:44:57
        )

    [141] => Array
        (
            [event_id] => 7
            [route_index] => 447
            [device_id] => 4109212383
            [reached_at] => 2018-04-29 12:44:57
        )

    [142] => Array
        (
            [event_id] => 7
            [route_index] => 448
            [device_id] => 4109212383
            [reached_at] => 2018-04-29 12:44:57
        )

    [143] => Array
        (
            [event_id] => 7
            [route_index] => 449
            [device_id] => 4109212383
            [reached_at] => 2018-04-29 12:44:57
        )

    [144] => Array
        (
            [event_id] => 7
            [route_index] => 450
            [device_id] => 4109212383
            [reached_at] => 2018-04-29 12:44:57
        )

    [145] => Array
        (
            [event_id] => 7
            [route_index] => 451
            [device_id] => 4109212383
            [reached_at] => 2018-04-29 12:44:57
        )

    [146] => Array
        (
            [event_id] => 7
            [route_index] => 452
            [device_id] => 4109212383
            [reached_at] => 2018-04-29 12:44:57
        )

    [147] => Array
        (
            [event_id] => 7
            [route_index] => 453
            [device_id] => 4109212383
            [reached_at] => 2018-04-29 12:44:57
        )

    [148] => Array
        (
            [event_id] => 7
            [route_index] => 454
            [device_id] => 4109212383
            [reached_at] => 2018-04-29 12:45:27
        )

    [149] => Array
        (
            [event_id] => 7
            [route_index] => 455
            [device_id] => 4109212383
            [reached_at] => 2018-04-29 12:46:02
        )

    [150] => Array
        (
            [event_id] => 7
            [route_index] => 456
            [device_id] => 4109212383
            [reached_at] => 2018-04-29 12:47:02
        )

    [151] => Array
        (
            [event_id] => 7
            [route_index] => 457
            [device_id] => 4109212383
            [reached_at] => 2018-04-29 12:47:32
        )

    [152] => Array
        (
            [event_id] => 7
            [route_index] => 458
            [device_id] => 4109212383
            [reached_at] => 2018-04-29 12:49:07
        )

    [153] => Array
        (
            [event_id] => 7
            [route_index] => 459
            [device_id] => 4109212383
            [reached_at] => 2018-04-29 12:49:37
        )

    [154] => Array
        (
            [event_id] => 7
            [route_index] => 460
            [device_id] => 4109212383
            [reached_at] => 2018-04-29 12:49:37
        )

    [155] => Array
        (
            [event_id] => 7
            [route_index] => 461
            [device_id] => 4109212383
            [reached_at] => 2018-04-29 12:50:37
        )

    [156] => Array
        (
            [event_id] => 7
            [route_index] => 462
            [device_id] => 4109212383
            [reached_at] => 2018-04-29 12:50:37
        )

    [157] => Array
        (
            [event_id] => 7
            [route_index] => 463
            [device_id] => 4109212383
            [reached_at] => 2018-04-29 12:50:37
        )

    [158] => Array
        (
            [event_id] => 7
            [route_index] => 464
            [device_id] => 4109212383
            [reached_at] => 2018-04-29 12:51:42
        )

    [159] => Array
        (
            [event_id] => 7
            [route_index] => 465
            [device_id] => 4109212383
            [reached_at] => 2018-04-29 12:52:12
        )

    [160] => Array
        (
            [event_id] => 7
            [route_index] => 466
            [device_id] => 4109212383
            [reached_at] => 2018-04-29 12:54:12
        )

    [161] => Array
        (
            [event_id] => 7
            [route_index] => 467
            [device_id] => 4109212383
            [reached_at] => 2018-04-29 12:54:47
        )

    [162] => Array
        (
            [event_id] => 7
            [route_index] => 468
            [device_id] => 4109212383
            [reached_at] => 2018-04-29 12:54:47
        )

)
</pre>9
empty event time range
